  main.cpp
C:\Code\C++\opengl-snippets\more lights\Hello_Window\main.cpp(85,1): warning C4305: инициализация: усечение из "double" в "float"
C:\Code\C++\opengl-snippets\more lights\Hello_Window\main.cpp(345,28): warning C4244: инициализация: преобразование "double" в "float", возможна потеря данных
C:\Code\C++\opengl-snippets\more lights\Hello_Window\main.cpp(372,62): warning C4305: аргумент: усечение из "double" в "float"
C:\Code\C++\opengl-snippets\more lights\Hello_Window\main.cpp(373,66): warning C4305: аргумент: усечение из "double" в "float"
C:\Code\C++\opengl-snippets\more lights\Hello_Window\main.cpp(381,61): warning C4305: аргумент: усечение из "double" в "float"
C:\Code\C++\opengl-snippets\more lights\Hello_Window\main.cpp(382,64): warning C4305: аргумент: усечение из "double" в "float"
C:\Code\C++\opengl-snippets\more lights\Hello_Window\main.cpp(390,61): warning C4305: аргумент: усечение из "double" в "float"
C:\Code\C++\opengl-snippets\more lights\Hello_Window\main.cpp(391,64): warning C4305: аргумент: усечение из "double" в "float"
C:\Code\C++\opengl-snippets\more lights\Hello_Window\main.cpp(399,61): warning C4305: аргумент: усечение из "double" в "float"
C:\Code\C++\opengl-snippets\more lights\Hello_Window\main.cpp(400,64): warning C4305: аргумент: усечение из "double" в "float"
C:\Code\C++\opengl-snippets\more lights\Hello_Window\main.cpp(409,57): warning C4305: аргумент: усечение из "double" в "float"
C:\Code\C++\opengl-snippets\more lights\Hello_Window\main.cpp(410,61): warning C4305: аргумент: усечение из "double" в "float"
C:\Code\C++\opengl-snippets\more lights\Hello_Window\main.cpp(529,17): warning C4244: =: преобразование "double" в "float", возможна потеря данных
C:\Code\C++\opengl-snippets\more lights\Hello_Window\main.cpp(530,17): warning C4244: =: преобразование "double" в "float", возможна потеря данных
C:\Code\C++\opengl-snippets\more lights\Hello_Window\main.cpp(534,19): warning C4244: инициализация: преобразование "double" в "float", возможна потеря данных
C:\Code\C++\opengl-snippets\more lights\Hello_Window\main.cpp(535,19): warning C4244: инициализация: преобразование "double" в "float", возможна потеря данных
C:\Code\C++\opengl-snippets\more lights\Hello_Window\main.cpp(537,13): warning C4244: =: преобразование "double" в "float", возможна потеря данных
C:\Code\C++\opengl-snippets\more lights\Hello_Window\main.cpp(538,13): warning C4244: =: преобразование "double" в "float", возможна потеря данных
C:\Code\C++\opengl-snippets\more lights\Hello_Window\main.cpp(546,31): warning C4244: аргумент: преобразование "double" в "float", возможна потеря данных
  Hello_Window.vcxproj -> C:\Code\C++\opengl-snippets\more lights\x64\Debug\Lighting.exe
